make all --print-data-base --no-builtin-variables --no-builtin-rules --question
# GNU Make 4.2.1
# Built for x86_64-pc-linux-gnu
# Copyright (C) 1988-2016 Free Software Foundation, Inc.
# License GPLv3+: GNU GPL version 3 or later <http://gnu.org/licenses/gpl.html>
# This is free software: you are free to change and redistribute it.
# There is NO WARRANTY, to the extent permitted by law.

# Make data base, printed on Wed Feb 16 21:31:52 2022

# Variables

# 'override' directive
GNUMAKEFLAGS := 
# automatic
<D = $(patsubst %/,%,$(dir $<))
# automatic
?F = $(notdir $?)
# environment
DESKTOP_SESSION = regolith
# default
.SHELLFLAGS := -c
# environment
XDG_SESSION_CLASS = user
# environment
XDG_SESSION_TYPE = x11
# environment
VSCODE_LOG_NATIVE = false
# automatic
?D = $(patsubst %/,%,$(dir $?))
# automatic
@D = $(patsubst %/,%,$(dir $@))
# environment
XAUTHORITY = /run/user/1000/gdm/Xauthority
# environment
GDMSESSION = regolith
# environment
XMODIFIERS = @im=ibus
# makefile
CURDIR := /home/mattia/dante-lang
# makefile
SHELL = /bin/sh
# environment
VSCODE_NLS_CONFIG = {"locale":"en-us","availableLanguages":{},"_languagePackSupport":true}
# environment
_ = /usr/share/code/code
# environment
XDG_CONFIG_DIRS = /etc/xdg/xdg-regolith:/etc/xdg
# makefile (from 'Makefile', line 1)
MAKEFILE_LIST :=  Makefile
# automatic
@F = $(notdir $@)
# environment
GIO_LAUNCHED_DESKTOP_FILE = /usr/share/applications/regolith.desktop
# environment
USERNAME = mattia
# environment
MAKELEVEL := 0
# environment
MANDATORY_PATH = /usr/share/gconf/regolith.mandatory.path
# environment
XDG_DATA_DIRS = /usr/share/regolith:/home/mattia/.local/share/flatpak/exports/share:/var/lib/flatpak/exports/share:/usr/local/share/:/usr/share/:/var/lib/snapd/desktop
# environment
DBUS_SESSION_BUS_ADDRESS = unix:path=/run/user/1000/bus
# environment
VSCODE_VERBOSE_LOGGING = true
# environment
LESSOPEN = | /usr/bin/lesspipe %s
# environment
LC_NAME = it_IT.UTF-8
# environment
VSCODE_CWD = /home/mattia
# default
MAKE_HOST := x86_64-pc-linux-gnu
# environment
PATH = /home/mattia/.local/bin:/opt/devkitpro/tools/bin:/home/mattia/.cargo/bin:/home/mattia/.local/bin:/opt/devkitpro/tools/bin:/usr/local/sbin:/usr/local/bin:/usr/sbin:/usr/bin:/sbin:/bin:/usr/games:/usr/local/games:/snap/bin
# environment
GPG_AGENT_INFO = /run/user/1000/gnupg/S.gpg-agent:0:1
# environment
SESSION_MANAGER = local/regolite:@/tmp/.ICE-unix/3720,unix/regolite:/tmp/.ICE-unix/3720
# environment
XDG_RUNTIME_DIR = /run/user/1000
# default
.INCLUDE_DIRS = /usr/include /usr/local/include /usr/include
# environment
XDG_MENU_PREFIX = gnome-flashback-
# environment
VSCODE_LOG_STACK = false
# environment
VSCODE_CRASH_REPORTER_START_OPTIONS = {"companyName":"Microsoft","productName":"VSCode","submitURL":"appcenter://code?aid=fba07a4d-84bd-4fc8-a125-9640fc8ce171&uid=bd489259-c514-4bee-aa34-c4796aa52d6b&iid=bd489259-c514-4bee-aa34-c4796aa52d6b&sid=bd489259-c514-4bee-aa34-c4796aa52d6b","uploadToServer":true}
# default
.FEATURES := target-specific order-only second-expansion else-if shortest-stem undefine oneshell archives jobserver output-sync check-symlink load
# environment
LS_COLORS = 
# environment
XDG_SESSION_DESKTOP = regolith
# environment
SSH_AUTH_SOCK = /run/user/1000/keyring/ssh
# environment
GIO_LAUNCHED_DESKTOP_FILE_PID = 3997
# automatic
%F = $(notdir $%)
# environment
DISPLAY = :0
# environment
VSCODE_PIPE_LOGGING = true
# environment
PWD = /home/mattia/dante-lang
# default
.LOADED := 
# environment
SSH_AGENT_PID = 3800
# environment
ORIGINAL_XDG_CURRENT_DESKTOP = Regolith:GNOME-Flashback:GNOME
# environment
GTK_MODULES = gail:atk-bridge
# environment
VSCODE_AMD_ENTRYPOINT = vs/workbench/services/extensions/node/extensionHostProcess
# environment
HOME = /home/mattia
# environment
LESSCLOSE = /usr/bin/lesspipe %s %s
# environment
VSCODE_CODE_CACHE_PATH = /home/mattia/.config/Code/CachedData/d6ee99e4c045a6716e5c653d7da8e9ae6f5a8b03
# environment
LOGNAME = mattia
# environment
APPLICATION_INSIGHTS_NO_DIAGNOSTIC_CHANNEL = 1
# automatic
+F = $(notdir $+)
# environment
VSCODE_HANDLES_UNCAUGHT_ERRORS = true
# environment
GNOME_DESKTOP_SESSION_ID = this-is-deprecated
# automatic
^D = $(patsubst %/,%,$(dir $^))
# environment
DEVKITPRO = /opt/devkitpro
# environment
LC_TIME = it_IT.UTF-8
# default
MAKE = $(MAKE_COMMAND)
# default
MAKECMDGOALS := all
# environment
QT_IM_MODULE = ibus
# environment
DEVKITARM = /opt/devkitpro/devkitARM
# environment
SHLVL = 1
# environment
VSCODE_IPC_HOOK_EXTHOST = /run/user/1000/vscode-ipc-1ce1d625-ed3c-4be8-b2c9-9d2bf62a85a3.sock
# environment
COMPIZ_CONFIG_PROFILE = gnome-flashback
# default
MAKE_VERSION := 4.2.1
# environment
USER = mattia
# environment
LC_MONETARY = it_IT.UTF-8
# makefile
.DEFAULT_GOAL := all
# environment
XDG_CURRENT_DESKTOP = Regolith:GNOME-Flashback:GNOME
# automatic
%D = $(patsubst %/,%,$(dir $%))
# environment
LC_TELEPHONE = it_IT.UTF-8
# environment
I3SOCK = /run/user/1000/i3/ipc-socket.4048
# default
MAKE_COMMAND := make
# default
.VARIABLES := 
# automatic
*F = $(notdir $*)
# environment
VSCODE_IPC_HOOK = /run/user/1000/vscode-eae4d2ca-1.64.1-main.sock
# makefile
MAKEFLAGS = pqrR
# environment
MFLAGS = -pqrR
# automatic
*D = $(patsubst %/,%,$(dir $*))
# environment
BREAKPAD_DUMP_LOCATION = /home/mattia/.config/Code/exthost Crash Reports
# automatic
+D = $(patsubst %/,%,$(dir $+))
# environment
GDK_BACKEND = x11
# environment
LC_PAPER = it_IT.UTF-8
# environment
QT_ACCESSIBILITY = 1
# environment
DESKTOP_AUTOSTART_ID = 10e348bf8db692342164504088265425200000037200016
# environment
DEFAULTS_PATH = /usr/share/gconf/regolith.default.path
# default
MAKEFILES := 
# environment
LC_NUMERIC = it_IT.UTF-8
# automatic
<F = $(notdir $<)
# environment
ELECTRON_RUN_AS_NODE = 1
# environment
LC_MEASUREMENT = it_IT.UTF-8
# environment
LC_ALL = C
# automatic
^F = $(notdir $^)
# default
SUFFIXES := 
# environment
CHROME_DESKTOP = code-url-handler.desktop
# environment
WINDOWPATH = 2
# environment
DEVKITPPC = /opt/devkitpro/devkitPPC
# environment
LC_IDENTIFICATION = it_IT.UTF-8
# default
.RECIPEPREFIX := 
# environment
LC_ADDRESS = it_IT.UTF-8
# environment
LANG = C
# environment
VSCODE_PID = 114554
# variable set hash-table stats:
# Load=109/1024=11%, Rehash=0, Collisions=21/137=15%

# Pattern-specific Variable Values

# No pattern-specific variable values.

# Directories

# . (device 2066, inode 5392424): 17 files, no impossibilities.

# 17 files, no impossibilities in 1 directories.

# Implicit Rules

# No implicit rules.

# Files

all:
#  Command line target.
#  Implicit rule search has not been done.
#  Implicit/static pattern stem: ''
#  File does not exist.
#  File has been updated.
#  Needs to be updated (-q is set).
# automatic
# @ := all
# automatic
# % := 
# automatic
# * := 
# automatic
# + := 
# automatic
# | := 
# automatic
# < := 
# automatic
# ^ := 
# automatic
# ? := 
# variable set hash-table stats:
# Load=8/32=25%, Rehash=0, Collisions=1/11=9%
#  recipe to execute (from 'Makefile', line 2):
	gcc dante.c -o dante -g 2>&1 | tee  build.log

# Not a target:
.SUFFIXES:
 
#  Implicit rule search has not been done.
#  Modification time never checked.
#  File has not been updated.

# Not a target:
Makefile:
#  Implicit rule search has been done.
#  Last modified 2022-02-16 17:56:23.560770071
#  File has been updated.
#  Successfully updated.

# Not a target:
.DEFAULT:
#  Implicit rule search has not been done.
#  Modification time never checked.
#  File has not been updated.

# files hash-table stats:
# Load=4/1024=0%, Rehash=0, Collisions=0/16=0%
# VPATH Search Paths

# No 'vpath' search paths.

# No general ('VPATH' variable) search path.

# strcache buffers: 1 (0) / strings = 22 / storage = 186 B / avg = 8 B
# current buf: size = 8162 B / used = 186 B / count = 22 / avg = 8 B

# strcache performance: lookups = 29 / hit rate = 24%
# hash-table stats:
# Load=22/8192=0%, Rehash=0, Collisions=2/29=7%
# Finished Make data base on Wed Feb 16 21:31:53 2022

 
